#! /usr/share/iverilog-0.9.7/bin/vvp
:ivl_version "0.9.7 " "(v0_9_6)";
:vpi_time_precision - 12;
:vpi_module "system";
:vpi_module "v2005_math";
:vpi_module "va_math";
S_0xc221d0 .scope module, "DUT" "DUT" 2 4;
 .timescale -9 -12;
v0xc56590_0 .var "A_input", 0 0;
v0xc56660_0 .var "B_input", 0 0;
v0xc56710_0 .var "C_input", 0 0;
v0xc567c0_0 .net "C_output", 0 0, v0xc56440_0; 1 drivers
v0xc568a0_0 .net "Sum", 0 0, v0xc564f0_0; 1 drivers
S_0xc22a70 .scope module, "instantiation" "full_adder" 2 11, 3 3, S_0xc221d0;
 .timescale -9 -12;
v0xc22b60_0 .net "A", 0 0, v0xc56590_0; 1 drivers
v0xc56300_0 .net "B", 0 0, v0xc56660_0; 1 drivers
v0xc563a0_0 .net "Cin", 0 0, v0xc56710_0; 1 drivers
v0xc56440_0 .var "Cout", 0 0;
v0xc564f0_0 .var "S", 0 0;
E_0xc21a30 .event edge, v0xc563a0_0, v0xc56300_0, v0xc22b60_0;
    .scope S_0xc22a70;
T_0 ;
    %wait E_0xc21a30;
    %load/v 8, v0xc22b60_0, 1;
    %load/v 9, v0xc56300_0, 1;
    %xor 8, 9, 1;
    %load/v 9, v0xc563a0_0, 1;
    %xor 8, 9, 1;
    %set/v v0xc564f0_0, 8, 1;
    %load/v 8, v0xc22b60_0, 1;
    %load/v 9, v0xc56300_0, 1;
    %and 8, 9, 1;
    %load/v 9, v0xc22b60_0, 1;
    %load/v 10, v0xc56300_0, 1;
    %xor 9, 10, 1;
    %load/v 10, v0xc563a0_0, 1;
    %and 9, 10, 1;
    %or 8, 9, 1;
    %set/v v0xc56440_0, 8, 1;
    %jmp T_0;
    .thread T_0, $push;
    .scope S_0xc221d0;
T_1 ;
    %vpi_call 2 15 "$dumpfile", "xyz.vcd";
    %vpi_call 2 16 "$dumpvars";
    %set/v v0xc56590_0, 0, 1;
    %set/v v0xc56660_0, 0, 1;
    %set/v v0xc56710_0, 0, 1;
    %delay 100000, 0;
    %vpi_call 2 22 "$finish";
    %end;
    .thread T_1;
    .scope S_0xc221d0;
T_2 ;
    %delay 40000, 0;
    %load/v 8, v0xc56590_0, 1;
    %inv 8, 1;
    %set/v v0xc56590_0, 8, 1;
    %jmp T_2;
    .thread T_2;
    .scope S_0xc221d0;
T_3 ;
    %delay 20000, 0;
    %load/v 8, v0xc56660_0, 1;
    %inv 8, 1;
    %set/v v0xc56660_0, 8, 1;
    %jmp T_3;
    .thread T_3;
    .scope S_0xc221d0;
T_4 ;
    %delay 10000, 0;
    %load/v 8, v0xc56710_0, 1;
    %inv 8, 1;
    %set/v v0xc56710_0, 8, 1;
    %jmp T_4;
    .thread T_4;
    .scope S_0xc221d0;
T_5 ;
    %wait E_0xc21a30;
    %vpi_call 2 33 "$monitor", "At TIME(in ns)=%t, A=%d B=%d C=%d Sum = %d Carry = %d", $time, v0xc56590_0, v0xc56660_0, v0xc56710_0, v0xc568a0_0, v0xc567c0_0;
    %jmp T_5;
    .thread T_5, $push;
# The file index is used to find the file name in the following table.
:file_names 4;
    "N/A";
    "<interactive>";
    "testbench.sv";
    "design.sv";
