#! /usr/share/iverilog-0.9.7/bin/vvp
:ivl_version "0.9.7 " "(v0_9_6)";
:vpi_time_precision - 12;
:vpi_module "system";
:vpi_module "v2005_math";
:vpi_module "va_math";
S_0x1615bd0 .scope module, "DUT" "DUT" 2 2;
 .timescale -9 -12;
v0x163b830_0 .net "B", 0 0, L_0x163c130; 1 drivers
v0x163b8d0_0 .net "D", 0 0, L_0x163bca0; 1 drivers
v0x163b980_0 .var "X", 0 0;
v0x163ba30_0 .var "Y", 0 0;
v0x163bb10_0 .var "Z", 0 0;
S_0x1615cc0 .scope module, "FS_DUT" "Full_Subtractor" 2 8, 3 3, S_0x1615bd0;
 .timescale -9 -12;
L_0x163bbc0 .functor XOR 1, v0x163b980_0, v0x163ba30_0, C4<0>, C4<0>;
L_0x163bca0 .functor XOR 1, L_0x163bbc0, v0x163bb10_0, C4<0>, C4<0>;
L_0x163bdf0 .functor NOT 1, v0x163b980_0, C4<0>, C4<0>, C4<0>;
L_0x163be50 .functor XOR 1, v0x163ba30_0, v0x163bb10_0, C4<0>, C4<0>;
L_0x163beb0 .functor AND 1, L_0x163bdf0, L_0x163be50, C4<1>, C4<1>;
L_0x163bfb0 .functor AND 1, v0x163ba30_0, v0x163bb10_0, C4<1>, C4<1>;
L_0x163c130 .functor OR 1, L_0x163beb0, L_0x163bfb0, C4<0>, C4<0>;
v0x1615770_0 .alias "B", 0 0, v0x163b830_0;
v0x163b190_0 .alias "D", 0 0, v0x163b8d0_0;
v0x163b230_0 .net "X", 0 0, v0x163b980_0; 1 drivers
v0x163b2d0_0 .net "Y", 0 0, v0x163ba30_0; 1 drivers
v0x163b380_0 .net "Z", 0 0, v0x163bb10_0; 1 drivers
v0x163b420_0 .net *"_s0", 0 0, L_0x163bbc0; 1 drivers
v0x163b500_0 .net *"_s10", 0 0, L_0x163bfb0; 1 drivers
v0x163b5a0_0 .net *"_s4", 0 0, L_0x163bdf0; 1 drivers
v0x163b690_0 .net *"_s6", 0 0, L_0x163be50; 1 drivers
v0x163b730_0 .net *"_s8", 0 0, L_0x163beb0; 1 drivers
    .scope S_0x1615bd0;
T_0 ;
    %set/v v0x163b980_0, 0, 1;
    %set/v v0x163ba30_0, 0, 1;
    %set/v v0x163bb10_0, 0, 1;
    %delay 1000, 0;
    %set/v v0x163b980_0, 0, 1;
    %set/v v0x163ba30_0, 0, 1;
    %set/v v0x163bb10_0, 1, 1;
    %delay 1000, 0;
    %set/v v0x163b980_0, 0, 1;
    %set/v v0x163ba30_0, 1, 1;
    %set/v v0x163bb10_0, 0, 1;
    %delay 1000, 0;
    %set/v v0x163b980_0, 0, 1;
    %set/v v0x163ba30_0, 1, 1;
    %set/v v0x163bb10_0, 1, 1;
    %delay 1000, 0;
    %set/v v0x163b980_0, 1, 1;
    %set/v v0x163ba30_0, 0, 1;
    %set/v v0x163bb10_0, 0, 1;
    %delay 1000, 0;
    %set/v v0x163b980_0, 1, 1;
    %set/v v0x163ba30_0, 0, 1;
    %set/v v0x163bb10_0, 1, 1;
    %delay 1000, 0;
    %set/v v0x163b980_0, 1, 1;
    %set/v v0x163ba30_0, 1, 1;
    %set/v v0x163bb10_0, 0, 1;
    %delay 1000, 0;
    %set/v v0x163b980_0, 1, 1;
    %set/v v0x163ba30_0, 1, 1;
    %set/v v0x163bb10_0, 1, 1;
    %end;
    .thread T_0;
    .scope S_0x1615bd0;
T_1 ;
    %vpi_call 2 24 "$monitor", "TIME = %t, X = %d| Y = %d| Z = %d| B = %d| D = %d", $time, v0x163b980_0, v0x163ba30_0, v0x163bb10_0, v0x163b830_0, v0x163b8d0_0;
    %vpi_call 2 25 "$dumpfile", "dump.vcd";
    %vpi_call 2 26 "$dumpvars";
    %end;
    .thread T_1;
# The file index is used to find the file name in the following table.
:file_names 4;
    "N/A";
    "<interactive>";
    "testbench.sv";
    "design.sv";
