#! /usr/share/iverilog-0.9.7/bin/vvp
:ivl_version "0.9.7 " "(v0_9_6)";
:vpi_time_precision - 12;
:vpi_module "system";
:vpi_module "v2005_math";
:vpi_module "va_math";
S_0x11340e0 .scope module, "async_4bit_count_tb" "async_4bit_count_tb" 2 3;
 .timescale -8 -12;
v0x115e660_0 .var "J", 0 0;
v0x115e6e0_0 .var "K", 0 0;
v0x115e760_0 .var "RST", 0 0;
v0x115e7e0_0 .var "clk", 0 0;
RS_0x7ff88d0ab228 .resolv tri, L_0x115e910, L_0x115ea80, L_0x115ece0, L_0x115eec0;
v0x115e890_0 .net8 "q", 3 0, RS_0x7ff88d0ab228; 4 drivers
S_0x1136300 .scope module, "DUT" "async_4bit_count" 2 9, 3 23, S_0x11340e0;
 .timescale -8 -12;
v0x115e1b0_0 .net "J", 0 0, v0x115e660_0; 1 drivers
v0x115e2e0_0 .net "K", 0 0, v0x115e6e0_0; 1 drivers
v0x115e3f0_0 .net "RST", 0 0, v0x115e760_0; 1 drivers
v0x115e500_0 .net "clk", 0 0, v0x115e7e0_0; 1 drivers
v0x115e5e0_0 .alias "q", 3 0, v0x115e890_0;
L_0x115e910 .part/pv v0x115e010_0, 0, 1, 4;
L_0x115e9b0 .part RS_0x7ff88d0ab228, 0, 1;
L_0x115ea80 .part/pv v0x115dbd0_0, 1, 1, 4;
L_0x115ebe0 .part RS_0x7ff88d0ab228, 1, 1;
L_0x115ece0 .part/pv v0x115d710_0, 2, 1, 4;
L_0x115edb0 .part RS_0x7ff88d0ab228, 2, 1;
L_0x115eec0 .part/pv v0x115d240_0, 3, 1, 4;
S_0x115ddc0 .scope module, "JK1" "JK_ff" 3 27, 3 3, S_0x1136300;
 .timescale -8 -12;
v0x115def0_0 .alias "J", 0 0, v0x115e1b0_0;
v0x115df90_0 .alias "K", 0 0, v0x115e2e0_0;
v0x115e010_0 .var "Q", 0 0;
v0x115e0b0_0 .alias "RST", 0 0, v0x115e3f0_0;
v0x115e130_0 .alias "clk", 0 0, v0x115e500_0;
E_0x115d840 .event posedge, v0x115e130_0;
S_0x115d8f0 .scope module, "JK2" "JK_ff" 3 28, 3 3, S_0x1136300;
 .timescale -8 -12;
v0x115da10_0 .alias "J", 0 0, v0x115e1b0_0;
v0x115db00_0 .alias "K", 0 0, v0x115e2e0_0;
v0x115dbd0_0 .var "Q", 0 0;
v0x115dc70_0 .alias "RST", 0 0, v0x115e3f0_0;
v0x115dd40_0 .net "clk", 0 0, L_0x115e9b0; 1 drivers
E_0x115d9e0 .event posedge, v0x115dd40_0;
S_0x115d430 .scope module, "JK3" "JK_ff" 3 29, 3 3, S_0x1136300;
 .timescale -8 -12;
v0x115d590_0 .alias "J", 0 0, v0x115e1b0_0;
v0x115d660_0 .alias "K", 0 0, v0x115e2e0_0;
v0x115d710_0 .var "Q", 0 0;
v0x115d790_0 .alias "RST", 0 0, v0x115e3f0_0;
v0x115d870_0 .net "clk", 0 0, L_0x115ebe0; 1 drivers
E_0x115d520 .event posedge, v0x115d870_0;
S_0x1144c40 .scope module, "JK4" "JK_ff" 3 30, 3 3, S_0x1136300;
 .timescale -8 -12;
v0x1144d30_0 .alias "J", 0 0, v0x115e1b0_0;
v0x115d1a0_0 .alias "K", 0 0, v0x115e2e0_0;
v0x115d240_0 .var "Q", 0 0;
v0x115d2e0_0 .alias "RST", 0 0, v0x115e3f0_0;
v0x115d390_0 .net "clk", 0 0, L_0x115edb0; 1 drivers
E_0x1134ff0 .event posedge, v0x115d390_0;
    .scope S_0x115ddc0;
T_0 ;
    %wait E_0x115d840;
    %load/v 8, v0x115e0b0_0, 1;
    %jmp/0xz  T_0.0, 8;
    %ix/load 0, 1, 0;
    %assign/v0 v0x115e010_0, 0, 1;
    %jmp T_0.1;
T_0.0 ;
    %load/v 8, v0x115df90_0, 1;
    %load/v 9, v0x115def0_0, 1;
    %cmpi/u 8, 0, 2;
    %jmp/1 T_0.2, 6;
    %cmpi/u 8, 1, 2;
    %jmp/1 T_0.3, 6;
    %cmpi/u 8, 2, 2;
    %jmp/1 T_0.4, 6;
    %cmpi/u 8, 3, 2;
    %jmp/1 T_0.5, 6;
    %jmp T_0.6;
T_0.2 ;
    %load/v 8, v0x115e010_0, 1;
    %ix/load 0, 1, 0;
    %assign/v0 v0x115e010_0, 0, 8;
    %jmp T_0.6;
T_0.3 ;
    %ix/load 0, 1, 0;
    %assign/v0 v0x115e010_0, 0, 0;
    %jmp T_0.6;
T_0.4 ;
    %ix/load 0, 1, 0;
    %assign/v0 v0x115e010_0, 0, 1;
    %jmp T_0.6;
T_0.5 ;
    %load/v 8, v0x115e010_0, 1;
    %inv 8, 1;
    %ix/load 0, 1, 0;
    %assign/v0 v0x115e010_0, 0, 8;
    %jmp T_0.6;
T_0.6 ;
T_0.1 ;
    %jmp T_0;
    .thread T_0;
    .scope S_0x115d8f0;
T_1 ;
    %wait E_0x115d9e0;
    %load/v 8, v0x115dc70_0, 1;
    %jmp/0xz  T_1.0, 8;
    %ix/load 0, 1, 0;
    %assign/v0 v0x115dbd0_0, 0, 1;
    %jmp T_1.1;
T_1.0 ;
    %load/v 8, v0x115db00_0, 1;
    %load/v 9, v0x115da10_0, 1;
    %cmpi/u 8, 0, 2;
    %jmp/1 T_1.2, 6;
    %cmpi/u 8, 1, 2;
    %jmp/1 T_1.3, 6;
    %cmpi/u 8, 2, 2;
    %jmp/1 T_1.4, 6;
    %cmpi/u 8, 3, 2;
    %jmp/1 T_1.5, 6;
    %jmp T_1.6;
T_1.2 ;
    %load/v 8, v0x115dbd0_0, 1;
    %ix/load 0, 1, 0;
    %assign/v0 v0x115dbd0_0, 0, 8;
    %jmp T_1.6;
T_1.3 ;
    %ix/load 0, 1, 0;
    %assign/v0 v0x115dbd0_0, 0, 0;
    %jmp T_1.6;
T_1.4 ;
    %ix/load 0, 1, 0;
    %assign/v0 v0x115dbd0_0, 0, 1;
    %jmp T_1.6;
T_1.5 ;
    %load/v 8, v0x115dbd0_0, 1;
    %inv 8, 1;
    %ix/load 0, 1, 0;
    %assign/v0 v0x115dbd0_0, 0, 8;
    %jmp T_1.6;
T_1.6 ;
T_1.1 ;
    %jmp T_1;
    .thread T_1;
    .scope S_0x115d430;
T_2 ;
    %wait E_0x115d520;
    %load/v 8, v0x115d790_0, 1;
    %jmp/0xz  T_2.0, 8;
    %ix/load 0, 1, 0;
    %assign/v0 v0x115d710_0, 0, 1;
    %jmp T_2.1;
T_2.0 ;
    %load/v 8, v0x115d660_0, 1;
    %load/v 9, v0x115d590_0, 1;
    %cmpi/u 8, 0, 2;
    %jmp/1 T_2.2, 6;
    %cmpi/u 8, 1, 2;
    %jmp/1 T_2.3, 6;
    %cmpi/u 8, 2, 2;
    %jmp/1 T_2.4, 6;
    %cmpi/u 8, 3, 2;
    %jmp/1 T_2.5, 6;
    %jmp T_2.6;
T_2.2 ;
    %load/v 8, v0x115d710_0, 1;
    %ix/load 0, 1, 0;
    %assign/v0 v0x115d710_0, 0, 8;
    %jmp T_2.6;
T_2.3 ;
    %ix/load 0, 1, 0;
    %assign/v0 v0x115d710_0, 0, 0;
    %jmp T_2.6;
T_2.4 ;
    %ix/load 0, 1, 0;
    %assign/v0 v0x115d710_0, 0, 1;
    %jmp T_2.6;
T_2.5 ;
    %load/v 8, v0x115d710_0, 1;
    %inv 8, 1;
    %ix/load 0, 1, 0;
    %assign/v0 v0x115d710_0, 0, 8;
    %jmp T_2.6;
T_2.6 ;
T_2.1 ;
    %jmp T_2;
    .thread T_2;
    .scope S_0x1144c40;
T_3 ;
    %wait E_0x1134ff0;
    %load/v 8, v0x115d2e0_0, 1;
    %jmp/0xz  T_3.0, 8;
    %ix/load 0, 1, 0;
    %assign/v0 v0x115d240_0, 0, 1;
    %jmp T_3.1;
T_3.0 ;
    %load/v 8, v0x115d1a0_0, 1;
    %load/v 9, v0x1144d30_0, 1;
    %cmpi/u 8, 0, 2;
    %jmp/1 T_3.2, 6;
    %cmpi/u 8, 1, 2;
    %jmp/1 T_3.3, 6;
    %cmpi/u 8, 2, 2;
    %jmp/1 T_3.4, 6;
    %cmpi/u 8, 3, 2;
    %jmp/1 T_3.5, 6;
    %jmp T_3.6;
T_3.2 ;
    %load/v 8, v0x115d240_0, 1;
    %ix/load 0, 1, 0;
    %assign/v0 v0x115d240_0, 0, 8;
    %jmp T_3.6;
T_3.3 ;
    %ix/load 0, 1, 0;
    %assign/v0 v0x115d240_0, 0, 0;
    %jmp T_3.6;
T_3.4 ;
    %ix/load 0, 1, 0;
    %assign/v0 v0x115d240_0, 0, 1;
    %jmp T_3.6;
T_3.5 ;
    %load/v 8, v0x115d240_0, 1;
    %inv 8, 1;
    %ix/load 0, 1, 0;
    %assign/v0 v0x115d240_0, 0, 8;
    %jmp T_3.6;
T_3.6 ;
T_3.1 ;
    %jmp T_3;
    .thread T_3;
    .scope S_0x11340e0;
T_4 ;
    %ix/load 0, 1, 0;
    %assign/v0 v0x115e660_0, 0, 0;
    %ix/load 0, 1, 0;
    %assign/v0 v0x115e6e0_0, 0, 0;
    %set/v v0x115e760_0, 1, 1;
    %set/v v0x115e7e0_0, 0, 1;
    %vpi_call 2 17 "$dumpfile", "waves.vcd";
    %vpi_call 2 18 "$dumpvars";
T_4.0 ;
    %delay 50000, 0;
    %load/v 8, v0x115e7e0_0, 1;
    %inv 8, 1;
    %set/v v0x115e7e0_0, 8, 1;
    %jmp T_4.0;
    %end;
    .thread T_4;
    .scope S_0x11340e0;
T_5 ;
    %delay 200000, 0;
    %ix/load 0, 1, 0;
    %assign/v0 v0x115e760_0, 0, 0;
    %ix/load 0, 1, 0;
    %assign/v0 v0x115e660_0, 0, 1;
    %ix/load 0, 1, 0;
    %assign/v0 v0x115e6e0_0, 0, 1;
    %delay 1600000, 0;
    %set/v v0x115e760_0, 1, 1;
    %delay 200000, 0;
    %ix/load 0, 1, 0;
    %assign/v0 v0x115e760_0, 0, 0;
    %delay 200000, 0;
    %vpi_call 2 32 "$finish";
    %end;
    .thread T_5;
# The file index is used to find the file name in the following table.
:file_names 4;
    "N/A";
    "<interactive>";
    "testbench.sv";
    "design.sv";
