#! /usr/share/iverilog-0.9.7/bin/vvp
:ivl_version "0.9.7 " "(v0_9_6)";
:vpi_time_precision - 12;
:vpi_module "system";
:vpi_module "v2005_math";
:vpi_module "va_math";
S_0x1ea5960 .scope module, "bin2bcd_tb" "bin2bcd_tb" 2 6;
 .timescale -8 -12;
v0x1eba2c0_0 .net "bcd", 3 0, L_0x1eba430; 1 drivers
v0x1eba380_0 .var "bin", 3 0;
L_0x1eba430 .part v0x1ea5b40_0, 0, 4;
S_0x1ea5a50 .scope module, "DUT" "bin2bcd" 2 11, 3 4, S_0x1ea5960;
 .timescale -8 -12;
v0x1ea5b40_0 .var "bcd", 4 0;
v0x1eba220_0 .net "bin", 3 0, v0x1eba380_0; 1 drivers
E_0x1e82f00 .event edge, v0x1eba220_0;
    .scope S_0x1ea5a50;
T_0 ;
    %wait E_0x1e82f00;
    %load/v 8, v0x1eba220_0, 1; Only need 1 of 4 bits
; Save base=8 wid=1 in lookaside.
    %ix/load 0, 0, 0;
    %set/x0 v0x1ea5b40_0, 8, 1;
    %ix/load 1, 3, 0;
    %mov 4, 0, 1;
    %jmp/1 T_0.0, 4;
    %load/x1p 8, v0x1eba220_0, 1;
    %jmp T_0.1;
T_0.0 ;
    %mov 8, 2, 1;
T_0.1 ;
; Save base=8 wid=1 in lookaside.
    %ix/load 1, 2, 0;
    %mov 4, 0, 1;
    %jmp/1 T_0.2, 4;
    %load/x1p 9, v0x1eba220_0, 1;
    %jmp T_0.3;
T_0.2 ;
    %mov 9, 2, 1;
T_0.3 ;
; Save base=9 wid=1 in lookaside.
    %and 8, 9, 1;
    %ix/load 1, 1, 0;
    %mov 4, 0, 1;
    %jmp/1 T_0.4, 4;
    %load/x1p 9, v0x1eba220_0, 1;
    %jmp T_0.5;
T_0.4 ;
    %mov 9, 2, 1;
T_0.5 ;
; Save base=9 wid=1 in lookaside.
    %inv 9, 1;
    %and 8, 9, 1;
    %ix/load 1, 3, 0;
    %mov 4, 0, 1;
    %jmp/1 T_0.6, 4;
    %load/x1p 9, v0x1eba220_0, 1;
    %jmp T_0.7;
T_0.6 ;
    %mov 9, 2, 1;
T_0.7 ;
; Save base=9 wid=1 in lookaside.
    %inv 9, 1;
    %ix/load 1, 1, 0;
    %mov 4, 0, 1;
    %jmp/1 T_0.8, 4;
    %load/x1p 10, v0x1eba220_0, 1;
    %jmp T_0.9;
T_0.8 ;
    %mov 10, 2, 1;
T_0.9 ;
; Save base=10 wid=1 in lookaside.
    %and 9, 10, 1;
    %or 8, 9, 1;
    %ix/load 0, 1, 0;
    %set/x0 v0x1ea5b40_0, 8, 1;
    %ix/load 1, 3, 0;
    %mov 4, 0, 1;
    %jmp/1 T_0.10, 4;
    %load/x1p 8, v0x1eba220_0, 1;
    %jmp T_0.11;
T_0.10 ;
    %mov 8, 2, 1;
T_0.11 ;
; Save base=8 wid=1 in lookaside.
    %inv 8, 1;
    %ix/load 1, 2, 0;
    %mov 4, 0, 1;
    %jmp/1 T_0.12, 4;
    %load/x1p 9, v0x1eba220_0, 1;
    %jmp T_0.13;
T_0.12 ;
    %mov 9, 2, 1;
T_0.13 ;
; Save base=9 wid=1 in lookaside.
    %and 8, 9, 1;
    %ix/load 1, 2, 0;
    %mov 4, 0, 1;
    %jmp/1 T_0.14, 4;
    %load/x1p 9, v0x1eba220_0, 1;
    %jmp T_0.15;
T_0.14 ;
    %mov 9, 2, 1;
T_0.15 ;
; Save base=9 wid=1 in lookaside.
    %ix/load 1, 1, 0;
    %mov 4, 0, 1;
    %jmp/1 T_0.16, 4;
    %load/x1p 10, v0x1eba220_0, 1;
    %jmp T_0.17;
T_0.16 ;
    %mov 10, 2, 1;
T_0.17 ;
; Save base=10 wid=1 in lookaside.
    %and 9, 10, 1;
    %or 8, 9, 1;
    %ix/load 0, 2, 0;
    %set/x0 v0x1ea5b40_0, 8, 1;
    %ix/load 1, 3, 0;
    %mov 4, 0, 1;
    %jmp/1 T_0.18, 4;
    %load/x1p 8, v0x1eba220_0, 1;
    %jmp T_0.19;
T_0.18 ;
    %mov 8, 2, 1;
T_0.19 ;
; Save base=8 wid=1 in lookaside.
    %ix/load 1, 2, 0;
    %mov 4, 0, 1;
    %jmp/1 T_0.20, 4;
    %load/x1p 9, v0x1eba220_0, 1;
    %jmp T_0.21;
T_0.20 ;
    %mov 9, 2, 1;
T_0.21 ;
; Save base=9 wid=1 in lookaside.
    %inv 9, 1;
    %and 8, 9, 1;
    %ix/load 1, 1, 0;
    %mov 4, 0, 1;
    %jmp/1 T_0.22, 4;
    %load/x1p 9, v0x1eba220_0, 1;
    %jmp T_0.23;
T_0.22 ;
    %mov 9, 2, 1;
T_0.23 ;
; Save base=9 wid=1 in lookaside.
    %inv 9, 1;
    %and 8, 9, 1;
    %ix/load 0, 3, 0;
    %set/x0 v0x1ea5b40_0, 8, 1;
    %ix/load 1, 3, 0;
    %mov 4, 0, 1;
    %jmp/1 T_0.24, 4;
    %load/x1p 8, v0x1eba220_0, 1;
    %jmp T_0.25;
T_0.24 ;
    %mov 8, 2, 1;
T_0.25 ;
; Save base=8 wid=1 in lookaside.
    %ix/load 1, 2, 0;
    %mov 4, 0, 1;
    %jmp/1 T_0.26, 4;
    %load/x1p 9, v0x1eba220_0, 1;
    %jmp T_0.27;
T_0.26 ;
    %mov 9, 2, 1;
T_0.27 ;
; Save base=9 wid=1 in lookaside.
    %and 8, 9, 1;
    %ix/load 1, 3, 0;
    %mov 4, 0, 1;
    %jmp/1 T_0.28, 4;
    %load/x1p 9, v0x1eba220_0, 1;
    %jmp T_0.29;
T_0.28 ;
    %mov 9, 2, 1;
T_0.29 ;
; Save base=9 wid=1 in lookaside.
    %ix/load 1, 1, 0;
    %mov 4, 0, 1;
    %jmp/1 T_0.30, 4;
    %load/x1p 10, v0x1eba220_0, 1;
    %jmp T_0.31;
T_0.30 ;
    %mov 10, 2, 1;
T_0.31 ;
; Save base=10 wid=1 in lookaside.
    %and 9, 10, 1;
    %or 8, 9, 1;
    %ix/load 0, 4, 0;
    %set/x0 v0x1ea5b40_0, 8, 1;
    %jmp T_0;
    .thread T_0, $push;
    .scope S_0x1ea5960;
T_1 ;
    %vpi_call 2 16 "$dumpfile", "dump.vcd";
    %vpi_call 2 17 "$dumpvars";
    %end;
    .thread T_1;
    .scope S_0x1ea5960;
T_2 ;
    %delay 100000, 0;
    %set/v v0x1eba380_0, 0, 4;
    %delay 100000, 0;
    %movi 8, 1, 4;
    %set/v v0x1eba380_0, 8, 4;
    %delay 100000, 0;
    %movi 8, 2, 4;
    %set/v v0x1eba380_0, 8, 4;
    %delay 100000, 0;
    %movi 8, 3, 4;
    %set/v v0x1eba380_0, 8, 4;
    %delay 100000, 0;
    %movi 8, 4, 4;
    %set/v v0x1eba380_0, 8, 4;
    %delay 100000, 0;
    %movi 8, 5, 4;
    %set/v v0x1eba380_0, 8, 4;
    %delay 100000, 0;
    %movi 8, 6, 4;
    %set/v v0x1eba380_0, 8, 4;
    %delay 100000, 0;
    %movi 8, 7, 4;
    %set/v v0x1eba380_0, 8, 4;
    %delay 100000, 0;
    %movi 8, 8, 4;
    %set/v v0x1eba380_0, 8, 4;
    %delay 100000, 0;
    %movi 8, 9, 4;
    %set/v v0x1eba380_0, 8, 4;
    %delay 100000, 0;
    %movi 8, 10, 4;
    %set/v v0x1eba380_0, 8, 4;
    %delay 100000, 0;
    %movi 8, 11, 4;
    %set/v v0x1eba380_0, 8, 4;
    %delay 100000, 0;
    %movi 8, 12, 4;
    %set/v v0x1eba380_0, 8, 4;
    %delay 100000, 0;
    %movi 8, 13, 4;
    %set/v v0x1eba380_0, 8, 4;
    %delay 100000, 0;
    %movi 8, 14, 4;
    %set/v v0x1eba380_0, 8, 4;
    %delay 100000, 0;
    %set/v v0x1eba380_0, 1, 4;
    %end;
    .thread T_2;
# The file index is used to find the file name in the following table.
:file_names 4;
    "N/A";
    "<interactive>";
    "testbench.sv";
    "design.sv";
