#! /usr/share/iverilog-0.9.7/bin/vvp
:ivl_version "0.9.7 " "(v0_9_6)";
:vpi_time_precision - 12;
:vpi_module "system";
:vpi_module "v2005_math";
:vpi_module "va_math";
S_0x19b2a90 .scope module, "Binary_to_Gray_tb" "Binary_to_Gray_tb" 2 2;
 .timescale -8 -12;
v0x19c6140_0 .var "b", 3 0;
v0x19c6210_0 .net "g", 3 0, v0x19c60a0_0; 1 drivers
S_0x19b2b80 .scope module, "DUT" "Binary_to_Gray" 2 16, 3 4, S_0x19b2a90;
 .timescale -8 -12;
v0x1990c00_0 .net "b", 3 0, v0x19c6140_0; 1 drivers
v0x19c60a0_0 .var "g", 3 0;
E_0x198ea20 .event edge, v0x1990c00_0;
    .scope S_0x19b2b80;
T_0 ;
    %wait E_0x198ea20;
    %ix/load 1, 1, 0;
    %mov 4, 0, 1;
    %jmp/1 T_0.0, 4;
    %load/x1p 8, v0x1990c00_0, 1;
    %jmp T_0.1;
T_0.0 ;
    %mov 8, 2, 1;
T_0.1 ;
; Save base=8 wid=1 in lookaside.
    %load/v 9, v0x1990c00_0, 1; Only need 1 of 4 bits
; Save base=9 wid=1 in lookaside.
    %xor 8, 9, 1;
    %ix/load 0, 0, 0;
    %set/x0 v0x19c60a0_0, 8, 1;
    %ix/load 1, 2, 0;
    %mov 4, 0, 1;
    %jmp/1 T_0.2, 4;
    %load/x1p 8, v0x1990c00_0, 1;
    %jmp T_0.3;
T_0.2 ;
    %mov 8, 2, 1;
T_0.3 ;
; Save base=8 wid=1 in lookaside.
    %ix/load 1, 1, 0;
    %mov 4, 0, 1;
    %jmp/1 T_0.4, 4;
    %load/x1p 9, v0x1990c00_0, 1;
    %jmp T_0.5;
T_0.4 ;
    %mov 9, 2, 1;
T_0.5 ;
; Save base=9 wid=1 in lookaside.
    %xor 8, 9, 1;
    %ix/load 0, 1, 0;
    %set/x0 v0x19c60a0_0, 8, 1;
    %ix/load 1, 3, 0;
    %mov 4, 0, 1;
    %jmp/1 T_0.6, 4;
    %load/x1p 8, v0x1990c00_0, 1;
    %jmp T_0.7;
T_0.6 ;
    %mov 8, 2, 1;
T_0.7 ;
; Save base=8 wid=1 in lookaside.
    %ix/load 1, 2, 0;
    %mov 4, 0, 1;
    %jmp/1 T_0.8, 4;
    %load/x1p 9, v0x1990c00_0, 1;
    %jmp T_0.9;
T_0.8 ;
    %mov 9, 2, 1;
T_0.9 ;
; Save base=9 wid=1 in lookaside.
    %xor 8, 9, 1;
    %ix/load 0, 2, 0;
    %set/x0 v0x19c60a0_0, 8, 1;
    %ix/load 1, 3, 0;
    %mov 4, 0, 1;
    %jmp/1 T_0.10, 4;
    %load/x1p 8, v0x1990c00_0, 1;
    %jmp T_0.11;
T_0.10 ;
    %mov 8, 2, 1;
T_0.11 ;
; Save base=8 wid=1 in lookaside.
    %ix/load 0, 3, 0;
    %set/x0 v0x19c60a0_0, 8, 1;
    %jmp T_0;
    .thread T_0, $push;
    .scope S_0x19b2a90;
T_1 ;
    %vpi_call 2 11 "$dumpfile", "dump.vcd";
    %vpi_call 2 12 "$dumpvars";
    %end;
    .thread T_1;
    .scope S_0x19b2a90;
T_2 ;
    %delay 100000, 0;
    %set/v v0x19c6140_0, 0, 4;
    %delay 100000, 0;
    %movi 8, 1, 4;
    %set/v v0x19c6140_0, 8, 4;
    %delay 100000, 0;
    %movi 8, 2, 4;
    %set/v v0x19c6140_0, 8, 4;
    %delay 100000, 0;
    %movi 8, 3, 4;
    %set/v v0x19c6140_0, 8, 4;
    %delay 100000, 0;
    %movi 8, 4, 4;
    %set/v v0x19c6140_0, 8, 4;
    %delay 100000, 0;
    %movi 8, 5, 4;
    %set/v v0x19c6140_0, 8, 4;
    %delay 100000, 0;
    %movi 8, 6, 4;
    %set/v v0x19c6140_0, 8, 4;
    %delay 100000, 0;
    %movi 8, 7, 4;
    %set/v v0x19c6140_0, 8, 4;
    %delay 100000, 0;
    %movi 8, 8, 4;
    %set/v v0x19c6140_0, 8, 4;
    %delay 100000, 0;
    %movi 8, 9, 4;
    %set/v v0x19c6140_0, 8, 4;
    %delay 100000, 0;
    %movi 8, 10, 4;
    %set/v v0x19c6140_0, 8, 4;
    %delay 100000, 0;
    %movi 8, 11, 4;
    %set/v v0x19c6140_0, 8, 4;
    %delay 100000, 0;
    %movi 8, 12, 4;
    %set/v v0x19c6140_0, 8, 4;
    %delay 100000, 0;
    %movi 8, 13, 4;
    %set/v v0x19c6140_0, 8, 4;
    %delay 100000, 0;
    %movi 8, 14, 4;
    %set/v v0x19c6140_0, 8, 4;
    %delay 100000, 0;
    %set/v v0x19c6140_0, 1, 4;
    %end;
    .thread T_2;
# The file index is used to find the file name in the following table.
:file_names 4;
    "N/A";
    "<interactive>";
    "testbench.sv";
    "design.sv";
