#! /usr/share/iverilog-0.9.7/bin/vvp
:ivl_version "0.9.7 " "(v0_9_6)";
:vpi_time_precision - 12;
:vpi_module "system";
:vpi_module "v2005_math";
:vpi_module "va_math";
S_0x171fd30 .scope module, "decoder3_8_tb" "decoder3_8_tb" 2 3;
 .timescale -8 -12;
v0x17311e0_0 .var "d", 2 0;
v0x17312b0_0 .net "y", 7 0, v0x1731140_0; 1 drivers
S_0x171fe20 .scope module, "DUT" "decoder_3X8" 2 9, 3 3, S_0x171fd30;
 .timescale -8 -12;
v0x16fb780_0 .net "d", 2 0, v0x17311e0_0; 1 drivers
v0x1731140_0 .var "y", 7 0;
E_0x1722150 .event edge, v0x16fb780_0;
    .scope S_0x171fe20;
T_0 ;
    %wait E_0x1722150;
    %load/v 8, v0x16fb780_0, 3;
    %cmpi/u 8, 0, 3;
    %jmp/1 T_0.0, 6;
    %cmpi/u 8, 1, 3;
    %jmp/1 T_0.1, 6;
    %cmpi/u 8, 2, 3;
    %jmp/1 T_0.2, 6;
    %cmpi/u 8, 3, 3;
    %jmp/1 T_0.3, 6;
    %cmpi/u 8, 4, 3;
    %jmp/1 T_0.4, 6;
    %cmpi/u 8, 5, 3;
    %jmp/1 T_0.5, 6;
    %cmpi/u 8, 6, 3;
    %jmp/1 T_0.6, 6;
    %cmpi/u 8, 7, 3;
    %jmp/1 T_0.7, 6;
    %jmp T_0.8;
T_0.0 ;
    %movi 8, 1, 8;
    %set/v v0x1731140_0, 8, 8;
    %jmp T_0.8;
T_0.1 ;
    %movi 8, 2, 8;
    %set/v v0x1731140_0, 8, 8;
    %jmp T_0.8;
T_0.2 ;
    %movi 8, 4, 8;
    %set/v v0x1731140_0, 8, 8;
    %jmp T_0.8;
T_0.3 ;
    %movi 8, 8, 8;
    %set/v v0x1731140_0, 8, 8;
    %jmp T_0.8;
T_0.4 ;
    %movi 8, 16, 8;
    %set/v v0x1731140_0, 8, 8;
    %jmp T_0.8;
T_0.5 ;
    %movi 8, 32, 8;
    %set/v v0x1731140_0, 8, 8;
    %jmp T_0.8;
T_0.6 ;
    %movi 8, 64, 8;
    %set/v v0x1731140_0, 8, 8;
    %jmp T_0.8;
T_0.7 ;
    %movi 8, 128, 8;
    %set/v v0x1731140_0, 8, 8;
    %jmp T_0.8;
T_0.8 ;
    %jmp T_0;
    .thread T_0, $push;
    .scope S_0x171fd30;
T_1 ;
    %vpi_call 2 15 "$dumpfile", "dump.vcd";
    %vpi_call 2 16 "$dumpvars";
    %end;
    .thread T_1;
    .scope S_0x171fd30;
T_2 ;
    %set/v v0x17311e0_0, 0, 3;
    %delay 1000000, 0;
    %movi 8, 1, 3;
    %set/v v0x17311e0_0, 8, 3;
    %delay 1000000, 0;
    %movi 8, 2, 3;
    %set/v v0x17311e0_0, 8, 3;
    %delay 1000000, 0;
    %movi 8, 3, 3;
    %set/v v0x17311e0_0, 8, 3;
    %delay 1000000, 0;
    %movi 8, 4, 3;
    %set/v v0x17311e0_0, 8, 3;
    %delay 1000000, 0;
    %movi 8, 5, 3;
    %set/v v0x17311e0_0, 8, 3;
    %delay 1000000, 0;
    %movi 8, 6, 3;
    %set/v v0x17311e0_0, 8, 3;
    %delay 1000000, 0;
    %set/v v0x17311e0_0, 1, 3;
    %delay 1000000, 0;
    %vpi_call 2 29 "$finish";
    %end;
    .thread T_2;
# The file index is used to find the file name in the following table.
:file_names 4;
    "N/A";
    "<interactive>";
    "testbench.sv";
    "design.sv";
