#! /usr/share/iverilog-0.9.7/bin/vvp
:ivl_version "0.9.7 " "(v0_9_6)";
:vpi_time_precision - 12;
:vpi_module "system";
:vpi_module "v2005_math";
:vpi_module "va_math";
S_0x1df15c0 .scope module, "encoder_tb" "encoder_tb" 2 3;
 .timescale -8 -12;
v0x1e03230_0 .var "d", 7 0;
v0x1e03300_0 .net "q", 2 0, v0x1e03190_0; 1 drivers
S_0x1df16b0 .scope module, "DUT" "encoder_8x3" 2 8, 3 3, S_0x1df15c0;
 .timescale -8 -12;
v0x1dce970_0 .net "din", 7 0, v0x1e03230_0; 1 drivers
v0x1e03190_0 .var "dout", 2 0;
E_0x1dccfa0 .event edge, v0x1dce970_0;
    .scope S_0x1df16b0;
T_0 ;
    %wait E_0x1dccfa0;
    %load/v 8, v0x1dce970_0, 8;
    %cmpi/u 8, 1, 8;
    %jmp/0xz  T_0.0, 4;
    %set/v v0x1e03190_0, 0, 3;
    %jmp T_0.1;
T_0.0 ;
    %load/v 8, v0x1dce970_0, 8;
    %cmpi/u 8, 2, 8;
    %jmp/0xz  T_0.2, 4;
    %movi 8, 1, 3;
    %set/v v0x1e03190_0, 8, 3;
    %jmp T_0.3;
T_0.2 ;
    %load/v 8, v0x1dce970_0, 8;
    %cmpi/u 8, 4, 8;
    %jmp/0xz  T_0.4, 4;
    %movi 8, 2, 3;
    %set/v v0x1e03190_0, 8, 3;
    %jmp T_0.5;
T_0.4 ;
    %load/v 8, v0x1dce970_0, 8;
    %cmpi/u 8, 8, 8;
    %jmp/0xz  T_0.6, 4;
    %movi 8, 3, 3;
    %set/v v0x1e03190_0, 8, 3;
    %jmp T_0.7;
T_0.6 ;
    %load/v 8, v0x1dce970_0, 8;
    %cmpi/u 8, 16, 8;
    %jmp/0xz  T_0.8, 4;
    %movi 8, 4, 3;
    %set/v v0x1e03190_0, 8, 3;
    %jmp T_0.9;
T_0.8 ;
    %load/v 8, v0x1dce970_0, 8;
    %cmpi/u 8, 32, 8;
    %jmp/0xz  T_0.10, 4;
    %movi 8, 5, 3;
    %set/v v0x1e03190_0, 8, 3;
    %jmp T_0.11;
T_0.10 ;
    %load/v 8, v0x1dce970_0, 8;
    %cmpi/u 8, 64, 8;
    %jmp/0xz  T_0.12, 4;
    %movi 8, 6, 3;
    %set/v v0x1e03190_0, 8, 3;
    %jmp T_0.13;
T_0.12 ;
    %load/v 8, v0x1dce970_0, 8;
    %cmpi/u 8, 128, 8;
    %jmp/0xz  T_0.14, 4;
    %set/v v0x1e03190_0, 1, 3;
    %jmp T_0.15;
T_0.14 ;
    %set/v v0x1e03190_0, 2, 3;
T_0.15 ;
T_0.13 ;
T_0.11 ;
T_0.9 ;
T_0.7 ;
T_0.5 ;
T_0.3 ;
T_0.1 ;
    %jmp T_0;
    .thread T_0, $push;
    .scope S_0x1df15c0;
T_1 ;
    %vpi_call 2 12 "$dumpfile", "dump.vcd";
    %vpi_call 2 13 "$dumpvars";
    %end;
    .thread T_1;
    .scope S_0x1df15c0;
T_2 ;
    %delay 100000, 0;
    %movi 8, 128, 8;
    %set/v v0x1e03230_0, 8, 8;
    %delay 100000, 0;
    %movi 8, 64, 8;
    %set/v v0x1e03230_0, 8, 8;
    %delay 100000, 0;
    %movi 8, 32, 8;
    %set/v v0x1e03230_0, 8, 8;
    %delay 100000, 0;
    %movi 8, 16, 8;
    %set/v v0x1e03230_0, 8, 8;
    %delay 100000, 0;
    %movi 8, 8, 8;
    %set/v v0x1e03230_0, 8, 8;
    %delay 100000, 0;
    %movi 8, 4, 8;
    %set/v v0x1e03230_0, 8, 8;
    %delay 100000, 0;
    %movi 8, 2, 8;
    %set/v v0x1e03230_0, 8, 8;
    %delay 100000, 0;
    %movi 8, 1, 8;
    %set/v v0x1e03230_0, 8, 8;
    %delay 100000, 0;
    %vpi_call 2 29 "$finish";
    %end;
    .thread T_2;
# The file index is used to find the file name in the following table.
:file_names 4;
    "N/A";
    "<interactive>";
    "testbench.sv";
    "design.sv";
