#! /usr/share/iverilog-0.9.7/bin/vvp
:ivl_version "0.9.7 " "(v0_9_6)";
:vpi_time_precision - 12;
:vpi_module "system";
:vpi_module "v2005_math";
:vpi_module "va_math";
S_0x1612550 .scope module, "DMUX_1X8_TB" "DMUX_1X8_TB" 2 3;
 .timescale -9 -12;
v0x16237c0_0 .var "i", 0 0;
v0x1623890_0 .var "s", 2 0;
v0x1623940_0 .net "y", 0 0, L_0x16239c0; 1 drivers
L_0x16239c0 .part v0x1623720_0, 0, 1;
S_0x1612640 .scope module, "DUT" "DMUX_1X8" 2 5, 3 3, S_0x1612550;
 .timescale -9 -12;
v0x1612730_0 .net "i", 0 0, v0x16237c0_0; 1 drivers
v0x1623680_0 .net "s", 2 0, v0x1623890_0; 1 drivers
v0x1623720_0 .var "y", 7 0;
E_0x15ee860 .event edge, v0x1623680_0;
    .scope S_0x1612640;
T_0 ;
    %wait E_0x15ee860;
    %load/v 8, v0x1623680_0, 3;
    %cmpi/u 8, 0, 3;
    %jmp/1 T_0.0, 6;
    %cmpi/u 8, 1, 3;
    %jmp/1 T_0.1, 6;
    %cmpi/u 8, 2, 3;
    %jmp/1 T_0.2, 6;
    %cmpi/u 8, 3, 3;
    %jmp/1 T_0.3, 6;
    %cmpi/u 8, 4, 3;
    %jmp/1 T_0.4, 6;
    %cmpi/u 8, 5, 3;
    %jmp/1 T_0.5, 6;
    %cmpi/u 8, 6, 3;
    %jmp/1 T_0.6, 6;
    %cmpi/u 8, 7, 3;
    %jmp/1 T_0.7, 6;
    %mov 8, 2, 1;
    %movi 9, 0, 7;
    %set/v v0x1623720_0, 8, 8;
    %jmp T_0.9;
T_0.0 ;
    %load/v 8, v0x1612730_0, 1;
    %ix/load 0, 0, 0;
    %set/x0 v0x1623720_0, 8, 1;
    %jmp T_0.9;
T_0.1 ;
    %load/v 8, v0x1612730_0, 1;
    %ix/load 0, 1, 0;
    %set/x0 v0x1623720_0, 8, 1;
    %jmp T_0.9;
T_0.2 ;
    %load/v 8, v0x1612730_0, 1;
    %ix/load 0, 2, 0;
    %set/x0 v0x1623720_0, 8, 1;
    %jmp T_0.9;
T_0.3 ;
    %load/v 8, v0x1612730_0, 1;
    %ix/load 0, 3, 0;
    %set/x0 v0x1623720_0, 8, 1;
    %jmp T_0.9;
T_0.4 ;
    %load/v 8, v0x1612730_0, 1;
    %ix/load 0, 4, 0;
    %set/x0 v0x1623720_0, 8, 1;
    %jmp T_0.9;
T_0.5 ;
    %load/v 8, v0x1612730_0, 1;
    %ix/load 0, 5, 0;
    %set/x0 v0x1623720_0, 8, 1;
    %jmp T_0.9;
T_0.6 ;
    %load/v 8, v0x1612730_0, 1;
    %ix/load 0, 6, 0;
    %set/x0 v0x1623720_0, 8, 1;
    %jmp T_0.9;
T_0.7 ;
    %load/v 8, v0x1612730_0, 1;
    %ix/load 0, 7, 0;
    %set/x0 v0x1623720_0, 8, 1;
    %jmp T_0.9;
T_0.9 ;
    %jmp T_0;
    .thread T_0, $push;
    .scope S_0x1612550;
T_1 ;
    %vpi_call 2 14 "$dumpfile", "waveform.vcd";
    %vpi_call 2 15 "$dumpvars";
    %set/v v0x16237c0_0, 1, 1;
    %vpi_call 2 19 "$monitor", $time, "s=%d I=%b y=%d", v0x1623890_0, v0x16237c0_0, v0x1623940_0;
    %end;
    .thread T_1;
    .scope S_0x1612550;
T_2 ;
    %set/v v0x1623890_0, 0, 3;
    %movi 8, 7, 4;
T_2.0 %cmp/s 0, 8, 4;
    %jmp/0xz T_2.1, 5;
    %add 8, 1, 4;
    %delay 100000, 0;
    %load/v 12, v0x1623890_0, 3;
    %mov 15, 0, 29;
    %addi 12, 1, 32;
    %set/v v0x1623890_0, 12, 3;
    %jmp T_2.0;
T_2.1 ;
    %delay 100000, 0;
    %vpi_call 2 30 "$finish";
    %end;
    .thread T_2;
# The file index is used to find the file name in the following table.
:file_names 4;
    "N/A";
    "<interactive>";
    "testbench.sv";
    "design.sv";
