#! /usr/share/iverilog-0.9.7/bin/vvp
:ivl_version "0.9.7 " "(v0_9_6)";
:vpi_time_precision - 12;
:vpi_module "system";
:vpi_module "v2005_math";
:vpi_module "va_math";
S_0x1e780c0 .scope module, "TB" "TB" 2 4;
 .timescale -9 -12;
v0x1e9d830_0 .var "a", 0 0;
v0x1e9d8d0_0 .var "b", 0 0;
v0x1e9d980_0 .var "c", 0 0;
v0x1e9da30_0 .var "d", 0 0;
v0x1e9db10_0 .net "out", 0 0, v0x1e9d610_0; 1 drivers
v0x1e9dbc0_0 .var "s0", 0 0;
v0x1e9dc80_0 .var "s1", 0 0;
E_0x1e781b0 .event edge, v0x1e9d610_0;
S_0x1e89b40 .scope module, "DUT" "MUX_4X1" 2 10, 3 3, S_0x1e780c0;
 .timescale -9 -12;
v0x1e89c60_0 .net "a", 0 0, v0x1e9d830_0; 1 drivers
v0x1e9d420_0 .net "b", 0 0, v0x1e9d8d0_0; 1 drivers
v0x1e9d4c0_0 .net "c", 0 0, v0x1e9d980_0; 1 drivers
v0x1e9d560_0 .net "d", 0 0, v0x1e9da30_0; 1 drivers
v0x1e9d610_0 .var "out", 0 0;
v0x1e9d6b0_0 .net "s0", 0 0, v0x1e9dbc0_0; 1 drivers
v0x1e9d790_0 .net "s1", 0 0, v0x1e9dc80_0; 1 drivers
E_0x1e89c30/0 .event edge, v0x1e9d790_0, v0x1e9d6b0_0, v0x1e89c60_0, v0x1e9d420_0;
E_0x1e89c30/1 .event edge, v0x1e9d4c0_0, v0x1e9d560_0;
E_0x1e89c30 .event/or E_0x1e89c30/0, E_0x1e89c30/1;
    .scope S_0x1e89b40;
T_0 ;
    %wait E_0x1e89c30;
    %load/v 8, v0x1e9d6b0_0, 1;
    %load/v 9, v0x1e9d790_0, 1;
    %cmpi/u 8, 0, 2;
    %jmp/1 T_0.0, 6;
    %cmpi/u 8, 1, 2;
    %jmp/1 T_0.1, 6;
    %cmpi/u 8, 2, 2;
    %jmp/1 T_0.2, 6;
    %cmpi/u 8, 3, 2;
    %jmp/1 T_0.3, 6;
    %jmp T_0.4;
T_0.0 ;
    %load/v 8, v0x1e89c60_0, 1;
    %ix/load 0, 1, 0;
    %assign/v0 v0x1e9d610_0, 0, 8;
    %jmp T_0.4;
T_0.1 ;
    %load/v 8, v0x1e9d420_0, 1;
    %ix/load 0, 1, 0;
    %assign/v0 v0x1e9d610_0, 0, 8;
    %jmp T_0.4;
T_0.2 ;
    %load/v 8, v0x1e9d4c0_0, 1;
    %ix/load 0, 1, 0;
    %assign/v0 v0x1e9d610_0, 0, 8;
    %jmp T_0.4;
T_0.3 ;
    %load/v 8, v0x1e9d560_0, 1;
    %ix/load 0, 1, 0;
    %assign/v0 v0x1e9d610_0, 0, 8;
    %jmp T_0.4;
T_0.4 ;
    %jmp T_0;
    .thread T_0, $push;
    .scope S_0x1e780c0;
T_1 ;
    %vpi_call 2 20 "$dumpfile", "waveform.vcd";
    %vpi_call 2 21 "$dumpvars";
    %vpi_func 2 24 "$random", 8, 32;
    %ix/load 0, 1, 0;
    %assign/v0 v0x1e9d830_0, 0, 8;
    %vpi_func 2 25 "$random", 8, 32;
    %ix/load 0, 1, 0;
    %assign/v0 v0x1e9d8d0_0, 0, 8;
    %vpi_func 2 26 "$random", 8, 32;
    %ix/load 0, 1, 0;
    %assign/v0 v0x1e9d980_0, 0, 8;
    %vpi_func 2 27 "$random", 8, 32;
    %ix/load 0, 1, 0;
    %assign/v0 v0x1e9da30_0, 0, 8;
    %set/v v0x1e9dbc0_0, 0, 1;
    %set/v v0x1e9dc80_0, 0, 1;
    %delay 100000, 0;
    %vpi_call 2 31 "$finish";
    %end;
    .thread T_1;
    .scope S_0x1e780c0;
T_2 ;
    %delay 40000, 0;
    %load/v 8, v0x1e9d830_0, 1;
    %inv 8, 1;
    %set/v v0x1e9d830_0, 8, 1;
    %jmp T_2;
    .thread T_2;
    .scope S_0x1e780c0;
T_3 ;
    %delay 20000, 0;
    %load/v 8, v0x1e9d8d0_0, 1;
    %inv 8, 1;
    %set/v v0x1e9d8d0_0, 8, 1;
    %jmp T_3;
    .thread T_3;
    .scope S_0x1e780c0;
T_4 ;
    %delay 10000, 0;
    %load/v 8, v0x1e9d980_0, 1;
    %inv 8, 1;
    %set/v v0x1e9d980_0, 8, 1;
    %jmp T_4;
    .thread T_4;
    .scope S_0x1e780c0;
T_5 ;
    %delay 5000, 0;
    %load/v 8, v0x1e9da30_0, 1;
    %inv 8, 1;
    %set/v v0x1e9da30_0, 8, 1;
    %jmp T_5;
    .thread T_5;
    .scope S_0x1e780c0;
T_6 ;
    %delay 80000, 0;
    %load/v 8, v0x1e9dbc0_0, 1;
    %inv 8, 1;
    %set/v v0x1e9dbc0_0, 8, 1;
    %jmp T_6;
    .thread T_6;
    .scope S_0x1e780c0;
T_7 ;
    %delay 160000, 0;
    %load/v 8, v0x1e9dc80_0, 1;
    %inv 8, 1;
    %set/v v0x1e9dc80_0, 8, 1;
    %jmp T_7;
    .thread T_7;
    .scope S_0x1e780c0;
T_8 ;
    %wait E_0x1e781b0;
    %vpi_call 2 44 "$monitor", "At time = %t, Output = %d", $time, v0x1e9db10_0;
    %jmp T_8;
    .thread T_8, $push;
# The file index is used to find the file name in the following table.
:file_names 4;
    "N/A";
    "<interactive>";
    "testbench.sv";
    "design.sv";
