#! /usr/share/iverilog-0.9.7/bin/vvp
:ivl_version "0.9.7 " "(v0_9_6)";
:vpi_time_precision - 12;
:vpi_module "system";
:vpi_module "v2005_math";
:vpi_module "va_math";
S_0x275a630 .scope module, "bcd_2_xs3_tb" "bcd_2_xs3_tb" 2 6;
 .timescale -8 -12;
v0x276ea00_0 .var "bcd", 3 0;
v0x276ead0_0 .net "xs", 3 0, v0x276e960_0; 1 drivers
S_0x275a720 .scope module, "DUT" "bcd_2_xs3" 2 11, 3 4, S_0x275a630;
 .timescale -8 -12;
v0x2748df0_0 .net "bcd", 3 0, v0x276ea00_0; 1 drivers
v0x276e960_0 .var "xs", 3 0;
E_0x2736740 .event edge, v0x2748df0_0;
    .scope S_0x275a720;
T_0 ;
    %wait E_0x2736740;
    %load/v 8, v0x2748df0_0, 1; Only need 1 of 4 bits
; Save base=8 wid=1 in lookaside.
    %inv 8, 1;
    %ix/load 0, 0, 0;
    %set/x0 v0x276e960_0, 8, 1;
    %load/v 8, v0x2748df0_0, 1; Only need 1 of 4 bits
; Save base=8 wid=1 in lookaside.
    %ix/load 1, 1, 0;
    %mov 4, 0, 1;
    %jmp/1 T_0.0, 4;
    %load/x1p 9, v0x2748df0_0, 1;
    %jmp T_0.1;
T_0.0 ;
    %mov 9, 2, 1;
T_0.1 ;
; Save base=9 wid=1 in lookaside.
    %xor 8, 9, 1;
    %inv 8, 1;
    %ix/load 0, 1, 0;
    %set/x0 v0x276e960_0, 8, 1;
    %ix/load 1, 2, 0;
    %mov 4, 0, 1;
    %jmp/1 T_0.2, 4;
    %load/x1p 8, v0x2748df0_0, 1;
    %jmp T_0.3;
T_0.2 ;
    %mov 8, 2, 1;
T_0.3 ;
; Save base=8 wid=1 in lookaside.
    %inv 8, 1;
    %ix/load 1, 1, 0;
    %mov 4, 0, 1;
    %jmp/1 T_0.4, 4;
    %load/x1p 9, v0x2748df0_0, 1;
    %jmp T_0.5;
T_0.4 ;
    %mov 9, 2, 1;
T_0.5 ;
; Save base=9 wid=1 in lookaside.
    %and 8, 9, 1;
    %ix/load 1, 2, 0;
    %mov 4, 0, 1;
    %jmp/1 T_0.6, 4;
    %load/x1p 9, v0x2748df0_0, 1;
    %jmp T_0.7;
T_0.6 ;
    %mov 9, 2, 1;
T_0.7 ;
; Save base=9 wid=1 in lookaside.
    %inv 9, 1;
    %load/v 10, v0x2748df0_0, 1; Only need 1 of 4 bits
; Save base=10 wid=1 in lookaside.
    %and 9, 10, 1;
    %or 8, 9, 1;
    %load/v 9, v0x2748df0_0, 1; Only need 1 of 4 bits
; Save base=9 wid=1 in lookaside.
    %inv 9, 1;
    %ix/load 1, 2, 0;
    %mov 4, 0, 1;
    %jmp/1 T_0.8, 4;
    %load/x1p 10, v0x2748df0_0, 1;
    %jmp T_0.9;
T_0.8 ;
    %mov 10, 2, 1;
T_0.9 ;
; Save base=10 wid=1 in lookaside.
    %and 9, 10, 1;
    %ix/load 1, 1, 0;
    %mov 4, 0, 1;
    %jmp/1 T_0.10, 4;
    %load/x1p 10, v0x2748df0_0, 1;
    %jmp T_0.11;
T_0.10 ;
    %mov 10, 2, 1;
T_0.11 ;
; Save base=10 wid=1 in lookaside.
    %inv 10, 1;
    %and 9, 10, 1;
    %or 8, 9, 1;
    %ix/load 0, 2, 0;
    %set/x0 v0x276e960_0, 8, 1;
    %ix/load 1, 3, 0;
    %mov 4, 0, 1;
    %jmp/1 T_0.12, 4;
    %load/x1p 8, v0x2748df0_0, 1;
    %jmp T_0.13;
T_0.12 ;
    %mov 8, 2, 1;
T_0.13 ;
; Save base=8 wid=1 in lookaside.
    %ix/load 1, 2, 0;
    %mov 4, 0, 1;
    %jmp/1 T_0.14, 4;
    %load/x1p 9, v0x2748df0_0, 1;
    %jmp T_0.15;
T_0.14 ;
    %mov 9, 2, 1;
T_0.15 ;
; Save base=9 wid=1 in lookaside.
    %ix/load 1, 1, 0;
    %mov 4, 0, 1;
    %jmp/1 T_0.16, 4;
    %load/x1p 10, v0x2748df0_0, 1;
    %jmp T_0.17;
T_0.16 ;
    %mov 10, 2, 1;
T_0.17 ;
; Save base=10 wid=1 in lookaside.
    %and 9, 10, 1;
    %or 8, 9, 1;
    %ix/load 1, 2, 0;
    %mov 4, 0, 1;
    %jmp/1 T_0.18, 4;
    %load/x1p 9, v0x2748df0_0, 1;
    %jmp T_0.19;
T_0.18 ;
    %mov 9, 2, 1;
T_0.19 ;
; Save base=9 wid=1 in lookaside.
    %load/v 10, v0x2748df0_0, 1; Only need 1 of 4 bits
; Save base=10 wid=1 in lookaside.
    %and 9, 10, 1;
    %or 8, 9, 1;
    %ix/load 0, 3, 0;
    %set/x0 v0x276e960_0, 8, 1;
    %jmp T_0;
    .thread T_0, $push;
    .scope S_0x275a630;
T_1 ;
    %vpi_call 2 16 "$dumpfile", "dump.vcd";
    %vpi_call 2 17 "$dumpvars";
    %end;
    .thread T_1;
    .scope S_0x275a630;
T_2 ;
    %delay 100000, 0;
    %set/v v0x276ea00_0, 0, 4;
    %delay 100000, 0;
    %movi 8, 1, 4;
    %set/v v0x276ea00_0, 8, 4;
    %delay 100000, 0;
    %movi 8, 2, 4;
    %set/v v0x276ea00_0, 8, 4;
    %delay 100000, 0;
    %movi 8, 3, 4;
    %set/v v0x276ea00_0, 8, 4;
    %delay 100000, 0;
    %movi 8, 4, 4;
    %set/v v0x276ea00_0, 8, 4;
    %delay 100000, 0;
    %movi 8, 5, 4;
    %set/v v0x276ea00_0, 8, 4;
    %delay 100000, 0;
    %movi 8, 6, 4;
    %set/v v0x276ea00_0, 8, 4;
    %delay 100000, 0;
    %movi 8, 7, 4;
    %set/v v0x276ea00_0, 8, 4;
    %delay 100000, 0;
    %movi 8, 8, 4;
    %set/v v0x276ea00_0, 8, 4;
    %delay 100000, 0;
    %movi 8, 9, 4;
    %set/v v0x276ea00_0, 8, 4;
    %delay 100000, 0;
    %movi 8, 10, 4;
    %set/v v0x276ea00_0, 8, 4;
    %delay 100000, 0;
    %movi 8, 11, 4;
    %set/v v0x276ea00_0, 8, 4;
    %delay 100000, 0;
    %movi 8, 12, 4;
    %set/v v0x276ea00_0, 8, 4;
    %delay 100000, 0;
    %movi 8, 13, 4;
    %set/v v0x276ea00_0, 8, 4;
    %delay 100000, 0;
    %movi 8, 14, 4;
    %set/v v0x276ea00_0, 8, 4;
    %delay 100000, 0;
    %set/v v0x276ea00_0, 1, 4;
    %end;
    .thread T_2;
# The file index is used to find the file name in the following table.
:file_names 4;
    "N/A";
    "<interactive>";
    "testbench.sv";
    "design.sv";
