#! /usr/share/iverilog-0.9.7/bin/vvp
:ivl_version "0.9.7 " "(v0_9_6)";
:vpi_time_precision - 12;
:vpi_module "system";
:vpi_module "v2005_math";
:vpi_module "va_math";
S_0x13f3520 .scope module, "priority_8X3_tb" "priority_8X3_tb" 2 3;
 .timescale -8 -12;
v0x1405190_0 .var "d", 7 0;
v0x1405260_0 .net "y", 2 0, v0x14050f0_0; 1 drivers
S_0x13f3610 .scope module, "DUT" "priority_8X3" 2 9, 3 3, S_0x13f3520;
 .timescale -8 -12;
v0x13d0970_0 .net "din", 7 0, v0x1405190_0; 1 drivers
v0x14050f0_0 .var "dout", 2 0;
E_0x13cefa0 .event edge, v0x13d0970_0;
    .scope S_0x13f3610;
T_0 ;
    %wait E_0x13cefa0;
    %load/v 8, v0x13d0970_0, 8;
    %cmpi/u 8, 1, 8;
    %jmp/0xz  T_0.0, 4;
    %set/v v0x14050f0_0, 0, 3;
    %jmp T_0.1;
T_0.0 ;
    %load/v 8, v0x13d0970_0, 8;
    %mov 16, 2, 1;
    %movi 17, 1, 7;
    %cmp/u 8, 16, 8;
    %jmp/0xz  T_0.2, 4;
    %movi 8, 1, 3;
    %set/v v0x14050f0_0, 8, 3;
    %jmp T_0.3;
T_0.2 ;
    %load/v 8, v0x13d0970_0, 8;
    %mov 16, 2, 2;
    %movi 18, 1, 6;
    %cmp/u 8, 16, 8;
    %jmp/0xz  T_0.4, 4;
    %movi 8, 2, 3;
    %set/v v0x14050f0_0, 8, 3;
    %jmp T_0.5;
T_0.4 ;
    %load/v 8, v0x13d0970_0, 8;
    %mov 16, 2, 3;
    %movi 19, 1, 5;
    %cmp/u 8, 16, 8;
    %jmp/0xz  T_0.6, 4;
    %movi 8, 3, 3;
    %set/v v0x14050f0_0, 8, 3;
    %jmp T_0.7;
T_0.6 ;
    %load/v 8, v0x13d0970_0, 8;
    %mov 16, 2, 4;
    %movi 20, 1, 4;
    %cmp/u 8, 16, 8;
    %jmp/0xz  T_0.8, 4;
    %movi 8, 4, 3;
    %set/v v0x14050f0_0, 8, 3;
    %jmp T_0.9;
T_0.8 ;
    %load/v 8, v0x13d0970_0, 8;
    %mov 16, 2, 5;
    %movi 21, 1, 3;
    %cmp/u 8, 16, 8;
    %jmp/0xz  T_0.10, 4;
    %movi 8, 5, 3;
    %set/v v0x14050f0_0, 8, 3;
    %jmp T_0.11;
T_0.10 ;
    %load/v 8, v0x13d0970_0, 8;
    %mov 16, 2, 6;
    %movi 22, 1, 2;
    %cmp/u 8, 16, 8;
    %jmp/0xz  T_0.12, 4;
    %movi 8, 6, 3;
    %set/v v0x14050f0_0, 8, 3;
    %jmp T_0.13;
T_0.12 ;
    %load/v 8, v0x13d0970_0, 8;
    %mov 16, 2, 7;
    %movi 23, 1, 1;
    %cmp/u 8, 16, 8;
    %jmp/0xz  T_0.14, 4;
    %set/v v0x14050f0_0, 1, 3;
    %jmp T_0.15;
T_0.14 ;
    %set/v v0x14050f0_0, 2, 3;
T_0.15 ;
T_0.13 ;
T_0.11 ;
T_0.9 ;
T_0.7 ;
T_0.5 ;
T_0.3 ;
T_0.1 ;
    %jmp T_0;
    .thread T_0, $push;
    .scope S_0x13f3520;
T_1 ;
    %vpi_call 2 15 "$dumpfile", "dump.vcd";
    %vpi_call 2 16 "$dumpvars";
    %end;
    .thread T_1;
    .scope S_0x13f3520;
T_2 ;
    %delay 100000, 0;
    %movi 8, 1, 8;
    %set/v v0x1405190_0, 8, 8;
    %delay 100000, 0;
    %movi 8, 2, 8;
    %set/v v0x1405190_0, 8, 8;
    %delay 100000, 0;
    %movi 8, 4, 8;
    %set/v v0x1405190_0, 8, 8;
    %delay 100000, 0;
    %movi 8, 8, 8;
    %set/v v0x1405190_0, 8, 8;
    %delay 100000, 0;
    %movi 8, 16, 8;
    %set/v v0x1405190_0, 8, 8;
    %delay 100000, 0;
    %movi 8, 32, 8;
    %set/v v0x1405190_0, 8, 8;
    %delay 100000, 0;
    %movi 8, 64, 8;
    %set/v v0x1405190_0, 8, 8;
    %delay 100000, 0;
    %movi 8, 128, 8;
    %set/v v0x1405190_0, 8, 8;
    %delay 100000, 0;
    %vpi_call 2 30 "$finish";
    %end;
    .thread T_2;
# The file index is used to find the file name in the following table.
:file_names 4;
    "N/A";
    "<interactive>";
    "testbench.sv";
    "design.sv";
