#! /usr/share/iverilog-0.9.7/bin/vvp
:ivl_version "0.9.7 " "(v0_9_6)";
:vpi_time_precision - 12;
:vpi_module "system";
:vpi_module "v2005_math";
:vpi_module "va_math";
S_0x11365f0 .scope module, "MUX_8X1_TB" "MUX_8X1_TB" 2 3;
 .timescale -9 -12;
v0x1147970_0 .var "i", 7 0;
v0x1147a40_0 .var "s", 2 0;
v0x1147af0_0 .net "y", 0 0, v0x11478d0_0; 1 drivers
S_0x11366e0 .scope module, "DUT" "MUX_8X1" 2 5, 3 3, S_0x11365f0;
 .timescale -9 -12;
v0x1113940_0 .net "i", 7 0, v0x1147970_0; 1 drivers
v0x1147830_0 .net "s", 2 0, v0x1147a40_0; 1 drivers
v0x11478d0_0 .var "y", 0 0;
E_0x11127e0 .event edge, v0x1147830_0;
    .scope S_0x11366e0;
T_0 ;
    %wait E_0x11127e0;
    %load/v 8, v0x1147830_0, 3;
    %cmpi/u 8, 0, 3;
    %jmp/1 T_0.0, 6;
    %cmpi/u 8, 1, 3;
    %jmp/1 T_0.1, 6;
    %cmpi/u 8, 2, 3;
    %jmp/1 T_0.2, 6;
    %cmpi/u 8, 3, 3;
    %jmp/1 T_0.3, 6;
    %cmpi/u 8, 4, 3;
    %jmp/1 T_0.4, 6;
    %cmpi/u 8, 5, 3;
    %jmp/1 T_0.5, 6;
    %cmpi/u 8, 6, 3;
    %jmp/1 T_0.6, 6;
    %cmpi/u 8, 7, 3;
    %jmp/1 T_0.7, 6;
    %set/v v0x11478d0_0, 2, 1;
    %jmp T_0.9;
T_0.0 ;
    %load/v 8, v0x1113940_0, 1; Only need 1 of 8 bits
; Save base=8 wid=1 in lookaside.
    %set/v v0x11478d0_0, 8, 1;
    %jmp T_0.9;
T_0.1 ;
    %ix/load 1, 1, 0;
    %mov 4, 0, 1;
    %jmp/1 T_0.10, 4;
    %load/x1p 8, v0x1113940_0, 1;
    %jmp T_0.11;
T_0.10 ;
    %mov 8, 2, 1;
T_0.11 ;
; Save base=8 wid=1 in lookaside.
    %set/v v0x11478d0_0, 8, 1;
    %jmp T_0.9;
T_0.2 ;
    %ix/load 1, 2, 0;
    %mov 4, 0, 1;
    %jmp/1 T_0.12, 4;
    %load/x1p 8, v0x1113940_0, 1;
    %jmp T_0.13;
T_0.12 ;
    %mov 8, 2, 1;
T_0.13 ;
; Save base=8 wid=1 in lookaside.
    %set/v v0x11478d0_0, 8, 1;
    %jmp T_0.9;
T_0.3 ;
    %ix/load 1, 3, 0;
    %mov 4, 0, 1;
    %jmp/1 T_0.14, 4;
    %load/x1p 8, v0x1113940_0, 1;
    %jmp T_0.15;
T_0.14 ;
    %mov 8, 2, 1;
T_0.15 ;
; Save base=8 wid=1 in lookaside.
    %set/v v0x11478d0_0, 8, 1;
    %jmp T_0.9;
T_0.4 ;
    %ix/load 1, 4, 0;
    %mov 4, 0, 1;
    %jmp/1 T_0.16, 4;
    %load/x1p 8, v0x1113940_0, 1;
    %jmp T_0.17;
T_0.16 ;
    %mov 8, 2, 1;
T_0.17 ;
; Save base=8 wid=1 in lookaside.
    %set/v v0x11478d0_0, 8, 1;
    %jmp T_0.9;
T_0.5 ;
    %ix/load 1, 5, 0;
    %mov 4, 0, 1;
    %jmp/1 T_0.18, 4;
    %load/x1p 8, v0x1113940_0, 1;
    %jmp T_0.19;
T_0.18 ;
    %mov 8, 2, 1;
T_0.19 ;
; Save base=8 wid=1 in lookaside.
    %set/v v0x11478d0_0, 8, 1;
    %jmp T_0.9;
T_0.6 ;
    %ix/load 1, 6, 0;
    %mov 4, 0, 1;
    %jmp/1 T_0.20, 4;
    %load/x1p 8, v0x1113940_0, 1;
    %jmp T_0.21;
T_0.20 ;
    %mov 8, 2, 1;
T_0.21 ;
; Save base=8 wid=1 in lookaside.
    %set/v v0x11478d0_0, 8, 1;
    %jmp T_0.9;
T_0.7 ;
    %ix/load 1, 7, 0;
    %mov 4, 0, 1;
    %jmp/1 T_0.22, 4;
    %load/x1p 8, v0x1113940_0, 1;
    %jmp T_0.23;
T_0.22 ;
    %mov 8, 2, 1;
T_0.23 ;
; Save base=8 wid=1 in lookaside.
    %set/v v0x11478d0_0, 8, 1;
    %jmp T_0.9;
T_0.9 ;
    %jmp T_0;
    .thread T_0, $push;
    .scope S_0x11365f0;
T_1 ;
    %vpi_call 2 14 "$dumpfile", "waveform.vcd";
    %vpi_call 2 15 "$dumpvars";
    %vpi_func 2 17 "$random", 8, 32;
    %set/v v0x1147970_0, 8, 8;
    %vpi_call 2 19 "$monitor", $time, "s=%d I=%b y=%d", v0x1147a40_0, v0x1147970_0, v0x1147af0_0;
    %end;
    .thread T_1;
    .scope S_0x11365f0;
T_2 ;
    %set/v v0x1147a40_0, 0, 3;
    %movi 8, 7, 4;
T_2.0 %cmp/s 0, 8, 4;
    %jmp/0xz T_2.1, 5;
    %add 8, 1, 4;
    %delay 100000, 0;
    %load/v 12, v0x1147a40_0, 3;
    %mov 15, 0, 29;
    %addi 12, 1, 32;
    %set/v v0x1147a40_0, 12, 3;
    %jmp T_2.0;
T_2.1 ;
    %delay 100000, 0;
    %vpi_call 2 30 "$finish";
    %end;
    .thread T_2;
# The file index is used to find the file name in the following table.
:file_names 4;
    "N/A";
    "<interactive>";
    "testbench.sv";
    "design.sv";
