#! /usr/share/iverilog-0.9.7/bin/vvp
:ivl_version "0.9.7 " "(v0_9_6)";
:vpi_time_precision - 12;
:vpi_module "system";
:vpi_module "v2005_math";
:vpi_module "va_math";
S_0x1a93b40 .scope module, "DUT" "DUT" 2 2;
 .timescale -9 -12;
v0x1aa74f0_0 .var "i", 0 0;
v0x1aa75c0_0 .var "s", 1 0;
v0x1aa7670_0 .net "y", 3 0, v0x1aa7450_0; 1 drivers
S_0x1a93c30 .scope module, "DMUX_DUT" "DMUX" 2 7, 3 3, S_0x1a93b40;
 .timescale -9 -12;
v0x1a82610_0 .net "i", 0 0, v0x1aa74f0_0; 1 drivers
v0x1aa73b0_0 .net "s", 1 0, v0x1aa75c0_0; 1 drivers
v0x1aa7450_0 .var "y", 3 0;
E_0x1a6fd20 .event edge, v0x1aa73b0_0, v0x1a82610_0;
    .scope S_0x1a93c30;
T_0 ;
    %wait E_0x1a6fd20;
    %set/v v0x1aa7450_0, 0, 4;
    %load/v 8, v0x1aa73b0_0, 2;
    %cmpi/u 8, 0, 2;
    %jmp/1 T_0.0, 6;
    %cmpi/u 8, 1, 2;
    %jmp/1 T_0.1, 6;
    %cmpi/u 8, 2, 2;
    %jmp/1 T_0.2, 6;
    %cmpi/u 8, 3, 2;
    %jmp/1 T_0.3, 6;
    %jmp T_0.4;
T_0.0 ;
    %load/v 8, v0x1a82610_0, 1;
    %ix/load 0, 0, 0;
    %set/x0 v0x1aa7450_0, 8, 1;
    %jmp T_0.4;
T_0.1 ;
    %load/v 8, v0x1a82610_0, 1;
    %ix/load 0, 1, 0;
    %set/x0 v0x1aa7450_0, 8, 1;
    %jmp T_0.4;
T_0.2 ;
    %load/v 8, v0x1a82610_0, 1;
    %ix/load 0, 2, 0;
    %set/x0 v0x1aa7450_0, 8, 1;
    %jmp T_0.4;
T_0.3 ;
    %load/v 8, v0x1a82610_0, 1;
    %ix/load 0, 3, 0;
    %set/x0 v0x1aa7450_0, 8, 1;
    %jmp T_0.4;
T_0.4 ;
    %jmp T_0;
    .thread T_0, $push;
    .scope S_0x1a93b40;
T_1 ;
    %vpi_call 2 12 "$dumpfile", "waveform.vcd";
    %vpi_call 2 13 "$dumpvars";
    %vpi_call 2 15 "$monitor", "sel = %b, i = %b -> y0 = %0b, y1 = %0b ,y2 = %0b, y3 = %0b", v0x1aa75c0_0, v0x1aa74f0_0, &PV<v0x1aa7670_0, 0, 1>, &PV<v0x1aa7670_0, 1, 1>, &PV<v0x1aa7670_0, 2, 1>, &PV<v0x1aa7670_0, 3, 1>;
    %set/v v0x1aa75c0_0, 0, 2;
    %set/v v0x1aa74f0_0, 0, 1;
    %delay 1000, 0;
    %set/v v0x1aa75c0_0, 0, 2;
    %set/v v0x1aa74f0_0, 1, 1;
    %delay 1000, 0;
    %movi 8, 1, 2;
    %set/v v0x1aa75c0_0, 8, 2;
    %set/v v0x1aa74f0_0, 0, 1;
    %delay 1000, 0;
    %movi 8, 1, 2;
    %set/v v0x1aa75c0_0, 8, 2;
    %set/v v0x1aa74f0_0, 1, 1;
    %delay 1000, 0;
    %movi 8, 2, 2;
    %set/v v0x1aa75c0_0, 8, 2;
    %set/v v0x1aa74f0_0, 0, 1;
    %delay 1000, 0;
    %movi 8, 2, 2;
    %set/v v0x1aa75c0_0, 8, 2;
    %set/v v0x1aa74f0_0, 1, 1;
    %delay 1000, 0;
    %set/v v0x1aa75c0_0, 1, 2;
    %set/v v0x1aa74f0_0, 0, 1;
    %delay 1000, 0;
    %set/v v0x1aa75c0_0, 1, 2;
    %set/v v0x1aa74f0_0, 1, 1;
    %delay 1000, 0;
    %end;
    .thread T_1;
# The file index is used to find the file name in the following table.
:file_names 4;
    "N/A";
    "<interactive>";
    "testbench.sv";
    "design.sv";
